<?xml version="1.0" encoding="UTF-8"?>
<!-- Generated by org.testng.reporters.JUnitReportReporter -->
<testsuite skipped="0" hostname="Santosh" name="package2.GroupExecutionTest" tests="3" failures="0" timestamp="23 Dec 2018 07:13:37 GMT" time="0.039" errors="0">
  <testcase name="createCustProj" time="0.015" classname="package2.GroupExecutionTest"/>
  <testcase name="validLogin" time="0.022" classname="package2.GroupExecutionTest"/>
  <testcase name="createCustProjTask" time="0.002" classname="package2.GroupExecutionTest"/>
</testsuite> <!-- package2.GroupExecutionTest -->
