<?xml version="1.0" encoding="UTF-8"?>
<!-- Generated by org.testng.reporters.JUnitReportReporter -->
<testsuite skipped="0" hostname="Santosh" name="package2.EndToEndTest" tests="3" failures="0" timestamp="17 Dec 2018 05:15:37 GMT" time="28.407" errors="0">
  <testcase name="CreateTask" time="7.671" classname="package2.EndToEndTest"/>
  <testcase name="createNewCustomer" time="12.984" classname="package2.EndToEndTest"/>
  <testcase name="CreateNewProject" time="7.752" classname="package2.EndToEndTest"/>
</testsuite> <!-- package2.EndToEndTest -->
