<?xml version="1.0" encoding="UTF-8"?>
<!-- Generated by org.testng.reporters.JUnitReportReporter -->
<testsuite skipped="0" hostname="Santosh" name="flipkart.FlipkartAssignment1" tests="1" failures="0" timestamp="14 Jan 2019 19:16:41 GMT" time="48.536" errors="0">
  <testcase name="verifyFlipkart" time="48.536" classname="flipkart.FlipkartAssignment1"/>
</testsuite> <!-- flipkart.FlipkartAssignment1 -->
