<?xml version="1.0" encoding="UTF-8"?>
<!-- Generated by org.testng.reporters.JUnitReportReporter -->
<testsuite skipped="0" hostname="Santosh" name="package2.TestNGTest" tests="3" failures="0" timestamp="24 Dec 2018 05:49:08 GMT" time="0.034" errors="0">
  <testcase name="dataTest" time="0.014" classname="package2.TestNGTest"/>
  <testcase name="dataTest" time="0.015" classname="package2.TestNGTest"/>
  <testcase name="dataTest" time="0.005" classname="package2.TestNGTest"/>
</testsuite> <!-- package2.TestNGTest -->
