<?xml version="1.0" encoding="UTF-8"?>
<!-- Generated by org.testng.reporters.JUnitReportReporter -->
<testsuite skipped="0" hostname="Santosh" name="package2.ValidTest" tests="1" failures="0" timestamp="11 Dec 2018 04:31:22 GMT" time="0.033" errors="0">
  <testcase name="prototype" time="0.033" classname="package2.ValidTest"/>
</testsuite> <!-- package2.ValidTest -->
