<?xml version="1.0" encoding="UTF-8"?>
<!-- Generated by org.testng.reporters.JUnitReportReporter -->
<testsuite skipped="0" hostname="Santosh" name="package2.NewTest" tests="2" failures="0" timestamp="11 Dec 2018 04:37:07 GMT" time="0.016" errors="0">
  <testcase name="prototype" time="0.000" classname="package2.NewTest"/>
  <testcase name="demo" time="0.016" classname="package2.NewTest"/>
</testsuite> <!-- package2.NewTest -->
