<?xml version="1.0" encoding="UTF-8"?>
<!-- Generated by org.testng.reporters.JUnitReportReporter -->
<testsuite skipped="0" hostname="Santosh" name="package3.ActitimeTest" tests="2" failures="0" timestamp="27 Dec 2018 19:41:30 GMT" time="61.541" errors="0">
  <testcase name="validLogin" time="30.532" classname="package3.ActitimeTest"/>
  <testcase name="invalidLogin" time="31.009" classname="package3.ActitimeTest"/>
</testsuite> <!-- package3.ActitimeTest -->
