<?xml version="1.0" encoding="UTF-8"?>
<!-- Generated by org.testng.reporters.JUnitReportReporter -->
<testsuite skipped="0" hostname="Santosh" name="package2.ActitimeTest" tests="3" failures="0" timestamp="13 Dec 2018 19:36:04 GMT" time="87.181" errors="0">
  <testcase name="validLogin" time="28.174" classname="package2.ActitimeTest"/>
  <testcase name="invalidLogin" time="25.791" classname="package2.ActitimeTest"/>
  <testcase name="createNewCustomer" time="33.216" classname="package2.ActitimeTest"/>
</testsuite> <!-- package2.ActitimeTest -->
