<?xml version="1.0" encoding="UTF-8"?>
<!-- Generated by org.testng.reporters.JUnitReportReporter -->
<testsuite skipped="0" hostname="Santosh" name="package2.ScenarioTest" tests="3" failures="0" timestamp="13 Dec 2018 20:19:55 GMT" time="10.606" errors="0">
  <testcase name="loginAsNewUser" time="0.419" classname="package2.ScenarioTest"/>
  <testcase name="createNewCustomer" time="6.673" classname="package2.ScenarioTest"/>
  <testcase name="deleteNewUser" time="3.514" classname="package2.ScenarioTest"/>
</testsuite> <!-- package2.ScenarioTest -->
