<?xml version="1.0" encoding="UTF-8"?>
<!-- Generated by org.testng.reporters.JUnitReportReporter -->
<testsuite skipped="0" hostname="Santosh" name="package2.OldTest" tests="1" failures="0" timestamp="11 Dec 2018 04:31:22 GMT" time="0.016" errors="0">
  <testcase name="dummy" time="0.016" classname="package2.OldTest"/>
</testsuite> <!-- package2.OldTest -->
